#-----------------------------------------------------------
# Vivado v2018.3 (64-bit)
# SW Build 2405991 on Thu Dec  6 23:38:27 MST 2018
# IP Build 2404404 on Fri Dec  7 01:43:56 MST 2018
# Start of session at: Sat Aug 30 15:42:35 2025
# Process ID: 22420
# Current directory: D:/TP_Final_Digitales_I/synth/final_dig1/final_dig1.sim/sim_1/behav/xsim
# Command line: vivado.exe -gui_launcher_event rodinguilauncherevent11396 D:\TP_Final_Digitales_I\synth\final_dig1\final_dig1.sim\sim_1\behav\xsim\rom_tb_behav.wdb
# Log file: D:/TP_Final_Digitales_I/synth/final_dig1/final_dig1.sim/sim_1/behav/xsim/vivado.log
# Journal file: D:/TP_Final_Digitales_I/synth/final_dig1/final_dig1.sim/sim_1/behav/xsim\vivado.jou
#-----------------------------------------------------------
start_gui
open_wave_database {D:\TP_Final_Digitales_I\synth\final_dig1\final_dig1.sim\sim_1\behav\xsim\rom_tb_behav.wdb}
INFO: [IP_Flow 19-234] Refreshing IP repositories
INFO: [IP_Flow 19-1704] No user IP repositories specified
INFO: [IP_Flow 19-2313] Loaded Vivado IP repository 'C:/Xilinx/Vivado/2018.3/data/ip'.
add_wave {{/rom_tb}} 
close_sim
INFO: [Simtcl 6-16] Simulation closed
exit
INFO: [Common 17-206] Exiting Vivado at Sat Aug 30 15:43:06 2025...
